Determining if the pthread_create exist failed with the following output:
Change Dir: /home/fireparrot/Desktop/CS480_2/build/CMakeFiles/CMakeTmp

Run Build Command:"/usr/bin/make" "cmTC_14546/fast"
/usr/bin/make -f CMakeFiles/cmTC_14546.dir/build.make CMakeFiles/cmTC_14546.dir/build
make[1]: Entering directory `/home/fireparrot/Desktop/CS480_2/build/CMakeFiles/CMakeTmp'
Building C object CMakeFiles/cmTC_14546.dir/CheckSymbolExists.c.o
/usr/bin/cc     -o CMakeFiles/cmTC_14546.dir/CheckSymbolExists.c.o   -c /home/fireparrot/Desktop/CS480_2/build/CMakeFiles/CMakeTmp/CheckSymbolExists.c
Linking C executable cmTC_14546
/usr/local/bin/cmake -E cmake_link_script CMakeFiles/cmTC_14546.dir/link.txt --verbose=1
/usr/bin/cc       CMakeFiles/cmTC_14546.dir/CheckSymbolExists.c.o  -o cmTC_14546 -rdynamic 
CMakeFiles/cmTC_14546.dir/CheckSymbolExists.c.o: In function `main':
CheckSymbolExists.c:(.text+0xa): undefined reference to `pthread_create'
collect2: error: ld returned 1 exit status
make[1]: *** [cmTC_14546] Error 1
make[1]: Leaving directory `/home/fireparrot/Desktop/CS480_2/build/CMakeFiles/CMakeTmp'
make: *** [cmTC_14546/fast] Error 2

File /home/fireparrot/Desktop/CS480_2/build/CMakeFiles/CMakeTmp/CheckSymbolExists.c:
/* */
#include <pthread.h>

int main(int argc, char** argv)
{
  (void)argv;
#ifndef pthread_create
  return ((int*)(&pthread_create))[argc];
#else
  (void)argc;
  return 0;
#endif
}

Determining if the function pthread_create exists in the pthreads failed with the following output:
Change Dir: /home/fireparrot/Desktop/CS480_2/build/CMakeFiles/CMakeTmp

Run Build Command:"/usr/bin/make" "cmTC_43d19/fast"
/usr/bin/make -f CMakeFiles/cmTC_43d19.dir/build.make CMakeFiles/cmTC_43d19.dir/build
make[1]: Entering directory `/home/fireparrot/Desktop/CS480_2/build/CMakeFiles/CMakeTmp'
Building C object CMakeFiles/cmTC_43d19.dir/CheckFunctionExists.c.o
/usr/bin/cc    -DCHECK_FUNCTION_EXISTS=pthread_create   -o CMakeFiles/cmTC_43d19.dir/CheckFunctionExists.c.o   -c /usr/local/share/cmake-3.7/Modules/CheckFunctionExists.c
Linking C executable cmTC_43d19
/usr/local/bin/cmake -E cmake_link_script CMakeFiles/cmTC_43d19.dir/link.txt --verbose=1
/usr/bin/cc   -DCHECK_FUNCTION_EXISTS=pthread_create    CMakeFiles/cmTC_43d19.dir/CheckFunctionExists.c.o  -o cmTC_43d19 -rdynamic -lpthreads 
/usr/bin/ld: cannot find -lpthreads
collect2: error: ld returned 1 exit status
make[1]: *** [cmTC_43d19] Error 1
make[1]: Leaving directory `/home/fireparrot/Desktop/CS480_2/build/CMakeFiles/CMakeTmp'
make: *** [cmTC_43d19/fast] Error 2


